obj\Release\netstandard2.1\blazor\linker\ApiGateway.Cliente.dll
obj\Release\netstandard2.1\blazor\linker\ApiGateway.Contratos.dll
obj\Release\netstandard2.1\blazor\linker\AutoMapper.dll
obj\Release\netstandard2.1\blazor\linker\Blazor-Analytics.dll
obj\Release\netstandard2.1\blazor\linker\BlazorComponentUtilities.dll
obj\Release\netstandard2.1\blazor\linker\Blazored.SessionStorage.dll
obj\Release\netstandard2.1\blazor\linker\Blazored.Typeahead.dll
obj\Release\netstandard2.1\blazor\linker\BlazorInputFile.dll
obj\Release\netstandard2.1\blazor\linker\BlazorStrap.dll
obj\Release\netstandard2.1\blazor\linker\Castle.Core.dll
obj\Release\netstandard2.1\blazor\linker\Extensions.Hosting.AsyncInitialization.dll
obj\Release\netstandard2.1\blazor\linker\Faso.Blazor.SpinKit.dll
obj\Release\netstandard2.1\blazor\linker\GenericExtensions.dll
obj\Release\netstandard2.1\blazor\linker\Hashids.net.dll
obj\Release\netstandard2.1\blazor\linker\Infraestructura.Transversal.dll
obj\Release\netstandard2.1\blazor\linker\Microsoft.AspNetCore.Authentication.Abstractions.dll
obj\Release\netstandard2.1\blazor\linker\Microsoft.AspNetCore.Authentication.Core.dll
obj\Release\netstandard2.1\blazor\linker\Microsoft.AspNetCore.Authorization.dll
obj\Release\netstandard2.1\blazor\linker\Microsoft.AspNetCore.Components.Authorization.dll
obj\Release\netstandard2.1\blazor\linker\Microsoft.AspNetCore.Components.dll
obj\Release\netstandard2.1\blazor\linker\Microsoft.AspNetCore.Components.Forms.dll
obj\Release\netstandard2.1\blazor\linker\Microsoft.AspNetCore.Components.Web.dll
obj\Release\netstandard2.1\blazor\linker\Microsoft.AspNetCore.Components.WebAssembly.dll
obj\Release\netstandard2.1\blazor\linker\Microsoft.AspNetCore.Hosting.Abstractions.dll
obj\Release\netstandard2.1\blazor\linker\Microsoft.AspNetCore.Http.Abstractions.dll
obj\Release\netstandard2.1\blazor\linker\Microsoft.AspNetCore.Http.dll
obj\Release\netstandard2.1\blazor\linker\Microsoft.AspNetCore.Http.Features.dll
obj\Release\netstandard2.1\blazor\linker\Microsoft.AspNetCore.Metadata.dll
obj\Release\netstandard2.1\blazor\linker\Microsoft.AspNetCore.Mvc.Abstractions.dll
obj\Release\netstandard2.1\blazor\linker\Microsoft.AspNetCore.Mvc.Core.dll
obj\Release\netstandard2.1\blazor\linker\Microsoft.AspNetCore.Routing.Abstractions.dll
obj\Release\netstandard2.1\blazor\linker\Microsoft.AspNetCore.WebUtilities.dll
obj\Release\netstandard2.1\blazor\linker\Microsoft.Bcl.AsyncInterfaces.dll
obj\Release\netstandard2.1\blazor\linker\Microsoft.CSharp.dll
obj\Release\netstandard2.1\blazor\linker\Microsoft.DotNet.PlatformAbstractions.dll
obj\Release\netstandard2.1\blazor\linker\Microsoft.Extensions.Caching.Abstractions.dll
obj\Release\netstandard2.1\blazor\linker\Microsoft.Extensions.Configuration.Abstractions.dll
obj\Release\netstandard2.1\blazor\linker\Microsoft.Extensions.Configuration.Binder.dll
obj\Release\netstandard2.1\blazor\linker\Microsoft.Extensions.Configuration.dll
obj\Release\netstandard2.1\blazor\linker\Microsoft.Extensions.Configuration.Json.dll
obj\Release\netstandard2.1\blazor\linker\Microsoft.Extensions.DependencyInjection.Abstractions.dll
obj\Release\netstandard2.1\blazor\linker\Microsoft.Extensions.DependencyInjection.dll
obj\Release\netstandard2.1\blazor\linker\Microsoft.Extensions.DependencyModel.dll
obj\Release\netstandard2.1\blazor\linker\Microsoft.Extensions.FileProviders.Abstractions.dll
obj\Release\netstandard2.1\blazor\linker\Microsoft.Extensions.Hosting.Abstractions.dll
obj\Release\netstandard2.1\blazor\linker\Microsoft.Extensions.Http.dll
obj\Release\netstandard2.1\blazor\linker\Microsoft.Extensions.Logging.Abstractions.dll
obj\Release\netstandard2.1\blazor\linker\Microsoft.Extensions.Logging.dll
obj\Release\netstandard2.1\blazor\linker\Microsoft.Extensions.Options.dll
obj\Release\netstandard2.1\blazor\linker\Microsoft.Extensions.Primitives.dll
obj\Release\netstandard2.1\blazor\linker\Microsoft.JSInterop.dll
obj\Release\netstandard2.1\blazor\linker\Microsoft.JSInterop.WebAssembly.dll
obj\Release\netstandard2.1\blazor\linker\Microsoft.Net.Http.Headers.dll
obj\Release\netstandard2.1\blazor\linker\Microsoft.Win32.Registry.dll
obj\Release\netstandard2.1\blazor\linker\Mono.Security.dll
obj\Release\netstandard2.1\blazor\linker\Moq.dll
obj\Release\netstandard2.1\blazor\linker\mscorlib.dll
obj\Release\netstandard2.1\blazor\linker\netstandard.dll
obj\Release\netstandard2.1\blazor\linker\Newtonsoft.Json.dll
obj\Release\netstandard2.1\blazor\linker\PortalCliente.dll
obj\Release\netstandard2.1\blazor\linker\Radzen.Blazor.dll
obj\Release\netstandard2.1\blazor\linker\Serilog.AspNetCore.dll
obj\Release\netstandard2.1\blazor\linker\Serilog.dll
obj\Release\netstandard2.1\blazor\linker\Serilog.Enrichers.Process.dll
obj\Release\netstandard2.1\blazor\linker\Serilog.Extensions.Hosting.dll
obj\Release\netstandard2.1\blazor\linker\Serilog.Extensions.Logging.dll
obj\Release\netstandard2.1\blazor\linker\Serilog.Formatting.Compact.dll
obj\Release\netstandard2.1\blazor\linker\Serilog.Settings.Configuration.dll
obj\Release\netstandard2.1\blazor\linker\Serilog.Sinks.Console.dll
obj\Release\netstandard2.1\blazor\linker\Serilog.Sinks.Debug.dll
obj\Release\netstandard2.1\blazor\linker\Serilog.Sinks.EventLog.dll
obj\Release\netstandard2.1\blazor\linker\Serilog.Sinks.File.dll
obj\Release\netstandard2.1\blazor\linker\Serilog.Sinks.MSSqlServer.dll
obj\Release\netstandard2.1\blazor\linker\Serilog.Sinks.PeriodicBatching.dll
obj\Release\netstandard2.1\blazor\linker\System.ComponentModel.DataAnnotations.dll
obj\Release\netstandard2.1\blazor\linker\System.Core.dll
obj\Release\netstandard2.1\blazor\linker\System.Data.dll
obj\Release\netstandard2.1\blazor\linker\System.Diagnostics.DiagnosticSource.dll
obj\Release\netstandard2.1\blazor\linker\System.Diagnostics.EventLog.dll
obj\Release\netstandard2.1\blazor\linker\System.dll
obj\Release\netstandard2.1\blazor\linker\System.Drawing.Common.dll
obj\Release\netstandard2.1\blazor\linker\System.Linq.Dynamic.Core.dll
obj\Release\netstandard2.1\blazor\linker\System.Net.Http.dll
obj\Release\netstandard2.1\blazor\linker\System.Net.Http.Json.dll
obj\Release\netstandard2.1\blazor\linker\System.Net.Http.WebAssemblyHttpHandler.dll
obj\Release\netstandard2.1\blazor\linker\System.Numerics.dll
obj\Release\netstandard2.1\blazor\linker\System.Runtime.CompilerServices.Unsafe.dll
obj\Release\netstandard2.1\blazor\linker\System.Runtime.Serialization.dll
obj\Release\netstandard2.1\blazor\linker\System.Text.Encodings.Web.dll
obj\Release\netstandard2.1\blazor\linker\System.Text.Json.dll
obj\Release\netstandard2.1\blazor\linker\System.Transactions.dll
obj\Release\netstandard2.1\blazor\linker\System.Xml.dll
obj\Release\netstandard2.1\blazor\linker\System.Xml.Linq.dll
obj\Release\netstandard2.1\blazor\linker\ValidationAttributes.dll
obj\Release\netstandard2.1\blazor\linker\WebAssembly.Bindings.dll
obj\Release\netstandard2.1\blazor\linker\ApiGateway.Cliente.pdb
obj\Release\netstandard2.1\blazor\linker\ApiGateway.Contratos.pdb
obj\Release\netstandard2.1\blazor\linker\AutoMapper.pdb
obj\Release\netstandard2.1\blazor\linker\Extensions.Hosting.AsyncInitialization.pdb
obj\Release\netstandard2.1\blazor\linker\GenericExtensions.pdb
obj\Release\netstandard2.1\blazor\linker\Infraestructura.Transversal.pdb
obj\Release\netstandard2.1\blazor\linker\PortalCliente.pdb
obj\Release\netstandard2.1\blazor\linker\Serilog.pdb
obj\Release\netstandard2.1\blazor\linker\ValidationAttributes.pdb
