obj\Debug\netstandard2.1\blazor\unlinked\PortalAdministrador.dll
obj\Debug\netstandard2.1\blazor\unlinked\System.Net.Http.Json.dll
obj\Debug\netstandard2.1\blazor\unlinked\System.Buffers.dll
obj\Debug\netstandard2.1\blazor\unlinked\mscorlib.dll
obj\Debug\netstandard2.1\blazor\unlinked\System.Threading.Tasks.Extensions.dll
obj\Debug\netstandard2.1\blazor\unlinked\System.Memory.dll
obj\Debug\netstandard2.1\blazor\unlinked\System.Text.Json.dll
obj\Debug\netstandard2.1\blazor\unlinked\System.Runtime.CompilerServices.Unsafe.dll
obj\Debug\netstandard2.1\blazor\unlinked\Microsoft.Bcl.AsyncInterfaces.dll
obj\Debug\netstandard2.1\blazor\unlinked\netstandard.dll
obj\Debug\netstandard2.1\blazor\unlinked\System.Xml.Linq.dll
obj\Debug\netstandard2.1\blazor\unlinked\System.Core.dll
obj\Debug\netstandard2.1\blazor\unlinked\System.dll
obj\Debug\netstandard2.1\blazor\unlinked\WebAssembly.Net.WebSockets.dll
obj\Debug\netstandard2.1\blazor\unlinked\WebAssembly.Bindings.dll
obj\Debug\netstandard2.1\blazor\unlinked\System.Numerics.dll
obj\Debug\netstandard2.1\blazor\unlinked\System.Xml.dll
obj\Debug\netstandard2.1\blazor\unlinked\Mono.Security.dll
obj\Debug\netstandard2.1\blazor\unlinked\System.Transactions.dll
obj\Debug\netstandard2.1\blazor\unlinked\System.Runtime.Serialization.dll
obj\Debug\netstandard2.1\blazor\unlinked\System.ServiceModel.Internals.dll
obj\Debug\netstandard2.1\blazor\unlinked\System.Net.Http.dll
obj\Debug\netstandard2.1\blazor\unlinked\System.Net.Http.WebAssemblyHttpHandler.dll
obj\Debug\netstandard2.1\blazor\unlinked\System.ComponentModel.Composition.dll
obj\Debug\netstandard2.1\blazor\unlinked\System.IO.Compression.FileSystem.dll
obj\Debug\netstandard2.1\blazor\unlinked\System.IO.Compression.dll
obj\Debug\netstandard2.1\blazor\unlinked\System.Drawing.Common.dll
obj\Debug\netstandard2.1\blazor\unlinked\System.Data.DataSetExtensions.dll
obj\Debug\netstandard2.1\blazor\unlinked\System.Data.dll
obj\Debug\netstandard2.1\blazor\unlinked\System.Numerics.Vectors.dll
obj\Debug\netstandard2.1\blazor\unlinked\System.Text.Encodings.Web.dll
obj\Debug\netstandard2.1\blazor\unlinked\Microsoft.Extensions.Configuration.Binder.dll
obj\Debug\netstandard2.1\blazor\unlinked\Microsoft.Extensions.Configuration.Abstractions.dll
obj\Debug\netstandard2.1\blazor\unlinked\Microsoft.Extensions.Primitives.dll
obj\Debug\netstandard2.1\blazor\unlinked\Microsoft.AspNetCore.Authentication.Core.dll
obj\Debug\netstandard2.1\blazor\unlinked\Microsoft.Extensions.DependencyInjection.Abstractions.dll
obj\Debug\netstandard2.1\blazor\unlinked\Microsoft.Extensions.Options.dll
obj\Debug\netstandard2.1\blazor\unlinked\Microsoft.AspNetCore.Http.Abstractions.dll
obj\Debug\netstandard2.1\blazor\unlinked\Microsoft.AspNetCore.Http.Features.dll
obj\Debug\netstandard2.1\blazor\unlinked\Microsoft.AspNetCore.Authentication.Abstractions.dll
obj\Debug\netstandard2.1\blazor\unlinked\Microsoft.AspNetCore.Http.dll
obj\Debug\netstandard2.1\blazor\unlinked\Microsoft.Extensions.ObjectPool.dll
obj\Debug\netstandard2.1\blazor\unlinked\Microsoft.Net.Http.Headers.dll
obj\Debug\netstandard2.1\blazor\unlinked\Microsoft.AspNetCore.WebUtilities.dll
obj\Debug\netstandard2.1\blazor\unlinked\ApiGateway.Cliente.dll
obj\Debug\netstandard2.1\blazor\unlinked\ApiGateway.Contratos.dll
obj\Debug\netstandard2.1\blazor\unlinked\Infraestructura.Transversal.dll
obj\Debug\netstandard2.1\blazor\unlinked\Serilog.Sinks.EventLog.dll
obj\Debug\netstandard2.1\blazor\unlinked\System.Diagnostics.EventLog.dll
obj\Debug\netstandard2.1\blazor\unlinked\System.Security.Permissions.dll
obj\Debug\netstandard2.1\blazor\unlinked\System.Security.AccessControl.dll
obj\Debug\netstandard2.1\blazor\unlinked\Serilog.dll
obj\Debug\netstandard2.1\blazor\unlinked\Serilog.Sinks.ApplicationInsights.dll
obj\Debug\netstandard2.1\blazor\unlinked\Microsoft.ApplicationInsights.dll
obj\Debug\netstandard2.1\blazor\unlinked\System.Diagnostics.DiagnosticSource.dll
obj\Debug\netstandard2.1\blazor\unlinked\System.Runtime.Extensions.dll
obj\Debug\netstandard2.1\blazor\unlinked\System.AppContext.dll
obj\Debug\netstandard2.1\blazor\unlinked\System.Runtime.InteropServices.dll
obj\Debug\netstandard2.1\blazor\unlinked\System.Diagnostics.Debug.dll
obj\Debug\netstandard2.1\blazor\unlinked\System.Threading.dll
obj\Debug\netstandard2.1\blazor\unlinked\System.Reflection.dll
obj\Debug\netstandard2.1\blazor\unlinked\System.Collections.dll
obj\Debug\netstandard2.1\blazor\unlinked\System.Collections.Concurrent.dll
obj\Debug\netstandard2.1\blazor\unlinked\System.Diagnostics.Tracing.dll
obj\Debug\netstandard2.1\blazor\unlinked\System.Resources.ResourceManager.dll
obj\Debug\netstandard2.1\blazor\unlinked\System.Runtime.dll
obj\Debug\netstandard2.1\blazor\unlinked\Serilog.Enrichers.Process.dll
obj\Debug\netstandard2.1\blazor\unlinked\System.Diagnostics.Process.dll
obj\Debug\netstandard2.1\blazor\unlinked\Microsoft.CSharp.dll
obj\Debug\netstandard2.1\blazor\unlinked\Newtonsoft.Json.dll
obj\Debug\netstandard2.1\blazor\unlinked\Microsoft.Extensions.Caching.Abstractions.dll
obj\Debug\netstandard2.1\blazor\unlinked\Microsoft.AspNetCore.Mvc.Core.dll
obj\Debug\netstandard2.1\blazor\unlinked\Microsoft.AspNetCore.ResponseCaching.Abstractions.dll
obj\Debug\netstandard2.1\blazor\unlinked\Microsoft.Extensions.DependencyInjection.dll
obj\Debug\netstandard2.1\blazor\unlinked\Microsoft.Extensions.DependencyModel.dll
obj\Debug\netstandard2.1\blazor\unlinked\System.IO.FileSystem.dll
obj\Debug\netstandard2.1\blazor\unlinked\System.IO.FileSystem.Primitives.dll
obj\Debug\netstandard2.1\blazor\unlinked\System.Linq.dll
obj\Debug\netstandard2.1\blazor\unlinked\System.IO.dll
obj\Debug\netstandard2.1\blazor\unlinked\Microsoft.DotNet.PlatformAbstractions.dll
obj\Debug\netstandard2.1\blazor\unlinked\System.Runtime.InteropServices.RuntimeInformation.dll
obj\Debug\netstandard2.1\blazor\unlinked\Microsoft.AspNetCore.Authorization.Policy.dll
obj\Debug\netstandard2.1\blazor\unlinked\Microsoft.AspNetCore.Authorization.dll
obj\Debug\netstandard2.1\blazor\unlinked\Microsoft.AspNetCore.Metadata.dll
obj\Debug\netstandard2.1\blazor\unlinked\Microsoft.Extensions.Logging.Abstractions.dll
obj\Debug\netstandard2.1\blazor\unlinked\Microsoft.AspNetCore.Hosting.Abstractions.dll
obj\Debug\netstandard2.1\blazor\unlinked\Microsoft.Extensions.FileProviders.Abstractions.dll
obj\Debug\netstandard2.1\blazor\unlinked\Microsoft.AspNetCore.Hosting.Server.Abstractions.dll
obj\Debug\netstandard2.1\blazor\unlinked\Microsoft.AspNetCore.Mvc.Abstractions.dll
obj\Debug\netstandard2.1\blazor\unlinked\Microsoft.AspNetCore.Routing.Abstractions.dll
obj\Debug\netstandard2.1\blazor\unlinked\Microsoft.AspNetCore.Routing.dll
obj\Debug\netstandard2.1\blazor\unlinked\Microsoft.AspNetCore.Http.Extensions.dll
obj\Debug\netstandard2.1\blazor\unlinked\Serilog.Sinks.MSSqlServer.dll
obj\Debug\netstandard2.1\blazor\unlinked\Serilog.Sinks.PeriodicBatching.dll
obj\Debug\netstandard2.1\blazor\unlinked\System.Threading.Timer.dll
obj\Debug\netstandard2.1\blazor\unlinked\System.Threading.Tasks.dll
obj\Debug\netstandard2.1\blazor\unlinked\System.Data.SqlClient.dll
obj\Debug\netstandard2.1\blazor\unlinked\System.ComponentModel.Annotations.dll
obj\Debug\netstandard2.1\blazor\unlinked\System.ComponentModel.DataAnnotations.dll
obj\Debug\netstandard2.1\blazor\unlinked\AutoMapper.dll
obj\Debug\netstandard2.1\blazor\unlinked\System.Reflection.Emit.ILGeneration.dll
obj\Debug\netstandard2.1\blazor\unlinked\System.Reflection.Emit.dll
obj\Debug\netstandard2.1\blazor\unlinked\Microsoft.Extensions.Http.dll
obj\Debug\netstandard2.1\blazor\unlinked\Microsoft.Extensions.Logging.dll
obj\Debug\netstandard2.1\blazor\unlinked\BlazorStrap.dll
obj\Debug\netstandard2.1\blazor\unlinked\Microsoft.AspNetCore.Components.Forms.dll
obj\Debug\netstandard2.1\blazor\unlinked\Microsoft.AspNetCore.Components.dll
obj\Debug\netstandard2.1\blazor\unlinked\Microsoft.JSInterop.dll
obj\Debug\netstandard2.1\blazor\unlinked\Microsoft.AspNetCore.Components.Web.dll
obj\Debug\netstandard2.1\blazor\unlinked\BlazorComponentUtilities.dll
obj\Debug\netstandard2.1\blazor\unlinked\GenericExtensions.dll
obj\Debug\netstandard2.1\blazor\unlinked\BlazorInputFile.dll
obj\Debug\netstandard2.1\blazor\unlinked\Hashids.net.dll
obj\Debug\netstandard2.1\blazor\unlinked\Radzen.Blazor.dll
obj\Debug\netstandard2.1\blazor\unlinked\System.Linq.Dynamic.Core.dll
obj\Debug\netstandard2.1\blazor\unlinked\Extensions.Hosting.AsyncInitialization.dll
obj\Debug\netstandard2.1\blazor\unlinked\Microsoft.AspNetCore.Components.WebAssembly.dll
obj\Debug\netstandard2.1\blazor\unlinked\Microsoft.Extensions.Configuration.dll
obj\Debug\netstandard2.1\blazor\unlinked\Microsoft.Extensions.Configuration.Json.dll
obj\Debug\netstandard2.1\blazor\unlinked\Microsoft.Extensions.Configuration.FileExtensions.dll
obj\Debug\netstandard2.1\blazor\unlinked\Microsoft.Extensions.FileProviders.Physical.dll
obj\Debug\netstandard2.1\blazor\unlinked\Microsoft.Extensions.FileSystemGlobbing.dll
obj\Debug\netstandard2.1\blazor\unlinked\Microsoft.JSInterop.WebAssembly.dll
obj\Debug\netstandard2.1\blazor\unlinked\Microsoft.AspNetCore.Components.Authorization.dll
obj\Debug\netstandard2.1\blazor\unlinked\Blazored.SessionStorage.dll
obj\Debug\netstandard2.1\blazor\unlinked\PortalAdministrador.pdb
obj\Debug\netstandard2.1\blazor\unlinked\ApiGateway.Cliente.pdb
obj\Debug\netstandard2.1\blazor\unlinked\ApiGateway.Contratos.pdb
obj\Debug\netstandard2.1\blazor\unlinked\Infraestructura.Transversal.pdb
obj\Debug\netstandard2.1\blazor\unlinked\Serilog.pdb
obj\Debug\netstandard2.1\blazor\unlinked\Microsoft.ApplicationInsights.pdb
obj\Debug\netstandard2.1\blazor\unlinked\AutoMapper.pdb
obj\Debug\netstandard2.1\blazor\unlinked\GenericExtensions.pdb
obj\Debug\netstandard2.1\blazor\unlinked\System.Linq.Dynamic.Core.pdb
obj\Debug\netstandard2.1\blazor\unlinked\Extensions.Hosting.AsyncInitialization.pdb
